[debug] [2024-09-27T13:31:43.508Z] ----------------------------------------------------------------------
[debug] [2024-09-27T13:31:43.510Z] Command:       C:\Program Files\nodejs\node.exe C:\Program Files\nodejs\node_modules\firebase-tools\lib\bin\firebase.js init
[debug] [2024-09-27T13:31:43.511Z] CLI Version:   13.20.0
[debug] [2024-09-27T13:31:43.511Z] Platform:      win32
[debug] [2024-09-27T13:31:43.511Z] Node Version:  v18.17.0
[debug] [2024-09-27T13:31:43.512Z] Time:          Fri Sep 27 2024 14:31:43 GMT+0100 (West Africa Standard Time)
[debug] [2024-09-27T13:31:43.513Z] ----------------------------------------------------------------------
[debug] 
[debug] [2024-09-27T13:31:43.536Z] > command requires scopes: ["email","openid","https://www.googleapis.com/auth/cloudplatformprojects.readonly","https://www.googleapis.com/auth/firebase","https://www.googleapis.com/auth/cloud-platform"]
[debug] [2024-09-27T13:31:43.537Z] > authorizing via signed-in user (nsikanessohofficial@gmail.com)
[info] 
     ######## #### ########  ######## ########     ###     ######  ########
     ##        ##  ##     ## ##       ##     ##  ##   ##  ##       ##
     ######    ##  ########  ######   ########  #########  ######  ######
     ##        ##  ##    ##  ##       ##     ## ##     ##       ## ##
     ##       #### ##     ## ######## ########  ##     ##  ######  ########

You're about to initialize a Firebase project in this directory:

  C:\Users\user\Downloads\my_dropbox

[info] 
=== Project Setup
[info] 
[info] First, let's associate this project directory with a Firebase project.
[info] You can create multiple project aliases by running firebase use --add, 
[info] but for now we'll just set up a default project.
[info] 
[debug] [2024-09-27T13:32:41.869Z] > refreshing access token with scopes: []
[debug] [2024-09-27T13:32:41.871Z] >>> [apiv2][query] POST https://www.googleapis.com/oauth2/v3/token [none]
[debug] [2024-09-27T13:32:41.871Z] >>> [apiv2][body] POST https://www.googleapis.com/oauth2/v3/token [omitted]
[debug] [2024-09-27T13:32:42.401Z] <<< [apiv2][status] POST https://www.googleapis.com/oauth2/v3/token 200
[debug] [2024-09-27T13:32:42.402Z] <<< [apiv2][body] POST https://www.googleapis.com/oauth2/v3/token [omitted]
[debug] [2024-09-27T13:32:42.486Z] >>> [apiv2][query] GET https://firebase.googleapis.com/v1beta1/projects pageSize=100
[debug] [2024-09-27T13:32:43.262Z] <<< [apiv2][status] GET https://firebase.googleapis.com/v1beta1/projects 200
[debug] [2024-09-27T13:32:43.263Z] <<< [apiv2][body] GET https://firebase.googleapis.com/v1beta1/projects [omitted]
[info] i  Using project my-dropbox-clone-16a05 (my dropbox clone) 
[info] 
=== Dataconnect Setup
[debug] [2024-09-27T13:33:21.755Z] >>> [apiv2][query] GET https://cloudbilling.googleapis.com/v1/projects/my-dropbox-clone-16a05/billingInfo [none]
[debug] [2024-09-27T13:33:23.056Z] <<< [apiv2][status] GET https://cloudbilling.googleapis.com/v1/projects/my-dropbox-clone-16a05/billingInfo 200
[debug] [2024-09-27T13:33:23.057Z] <<< [apiv2][body] GET https://cloudbilling.googleapis.com/v1/projects/my-dropbox-clone-16a05/billingInfo {"name":"projects/my-dropbox-clone-16a05/billingInfo","projectId":"my-dropbox-clone-16a05","billingAccountName":"","billingEnabled":false}
[info] i  dataconnect: ensuring required API sqladmin.googleapis.com is enabled... 
[debug] [2024-09-27T13:33:23.061Z] >>> [apiv2][query] GET https://serviceusage.googleapis.com/v1/projects/my-dropbox-clone-16a05/services/sqladmin.googleapis.com [none]
[debug] [2024-09-27T13:33:23.061Z] >>> [apiv2][(partial)header] GET https://serviceusage.googleapis.com/v1/projects/my-dropbox-clone-16a05/services/sqladmin.googleapis.com x-goog-quota-user=projects/my-dropbox-clone-16a05
[debug] [2024-09-27T13:33:24.633Z] <<< [apiv2][status] GET https://serviceusage.googleapis.com/v1/projects/my-dropbox-clone-16a05/services/sqladmin.googleapis.com 200
[debug] [2024-09-27T13:33:24.634Z] <<< [apiv2][body] GET https://serviceusage.googleapis.com/v1/projects/my-dropbox-clone-16a05/services/sqladmin.googleapis.com [omitted]
[warn] !  dataconnect: missing required API sqladmin.googleapis.com. Enabling now... 
[debug] [2024-09-27T13:33:24.638Z] >>> [apiv2][query] POST https://serviceusage.googleapis.com/v1/projects/my-dropbox-clone-16a05/services/sqladmin.googleapis.com:enable [none]
[debug] [2024-09-27T13:33:24.638Z] >>> [apiv2][(partial)header] POST https://serviceusage.googleapis.com/v1/projects/my-dropbox-clone-16a05/services/sqladmin.googleapis.com:enable x-goog-quota-user=projects/my-dropbox-clone-16a05
[debug] [2024-09-27T13:33:26.118Z] <<< [apiv2][status] POST https://serviceusage.googleapis.com/v1/projects/my-dropbox-clone-16a05/services/sqladmin.googleapis.com:enable 200
[debug] [2024-09-27T13:33:26.118Z] <<< [apiv2][body] POST https://serviceusage.googleapis.com/v1/projects/my-dropbox-clone-16a05/services/sqladmin.googleapis.com:enable [omitted]
[debug] [2024-09-27T13:33:36.130Z] >>> [apiv2][query] GET https://serviceusage.googleapis.com/v1/projects/my-dropbox-clone-16a05/services/sqladmin.googleapis.com [none]
[debug] [2024-09-27T13:33:36.131Z] >>> [apiv2][(partial)header] GET https://serviceusage.googleapis.com/v1/projects/my-dropbox-clone-16a05/services/sqladmin.googleapis.com x-goog-quota-user=projects/my-dropbox-clone-16a05
[debug] [2024-09-27T13:33:37.314Z] <<< [apiv2][status] GET https://serviceusage.googleapis.com/v1/projects/my-dropbox-clone-16a05/services/sqladmin.googleapis.com 200
[debug] [2024-09-27T13:33:37.314Z] <<< [apiv2][body] GET https://serviceusage.googleapis.com/v1/projects/my-dropbox-clone-16a05/services/sqladmin.googleapis.com [omitted]
[info] +  dataconnect: required API sqladmin.googleapis.com is enabled 
[info] i  Setting placeholder values in dataconnect.yaml. You can edit these before you deploy to specify different IDs or regions. 
[info] +  Wrote dataconnect\dataconnect.yaml 
[info] +  Wrote dataconnect\schema\schema.gql 
[info] +  Wrote dataconnect\connector\connector.yaml 
[info] +  Wrote dataconnect\connector\queries.gql 
[info] +  Wrote dataconnect\connector\mutations.gql 
[info] +  Detected WEB app in directory C:\Users\user\Downloads\my_dropbox 
[info] i  Wrote new config to C:\Users\user\Downloads\my_dropbox\dataconnect\connector/connector.yaml 
[info] i  dataconnect: downloading dataconnect-emulator-1.4.2.exe... {"metadata":{"emulator":{"name":"dataconnect"},"message":"downloading dataconnect-emulator-1.4.2.exe..."}}
[debug] [2024-09-27T13:34:12.081Z] >>> [apiv2][query] GET https://storage.googleapis.com/firemat-preview-drop/emulator/dataconnect-emulator-windows-v1.4.2 
[debug] [2024-09-27T13:34:13.103Z] <<< [apiv2][status] GET https://storage.googleapis.com/firemat-preview-drop/emulator/dataconnect-emulator-windows-v1.4.2 200
[debug] [2024-09-27T13:34:13.104Z] <<< [apiv2][body] GET https://storage.googleapis.com/firemat-preview-drop/emulator/dataconnect-emulator-windows-v1.4.2 [stream]
[info] I0927 14:34:38.456680    2136 codegen.go:82] [connector "default" javascriptSdk] Generating sources into "C:\\Users\\user\\Downloads\\my_dropbox\\generated\\javascript\\default"
I0927 14:34:38.456680    2136 generate.go:40] Generated all sources. Writing them to disk...
I0927 14:34:38.472659    2136 collector.go:107] connector "default" javascriptSdk wrote into "C:\\Users\\user\\Downloads\\my_dropbox\\generated\\javascript\\default"
Generated sources: package.json [624B] index.d.ts [264B] esm\index.esm.js [183B] esm\package.json [17B] index.cjs.js [224B] 
I0927 14:34:38.496654    2136 installsdk.go:79] Running command: C:\Program Files\nodejs\npm.cmd install file:generated\javascript\default

[info] i  Generated SDK code for default 
[info] +  If you'd like to generate additional SDKs later, run firebase init dataconnect:sdk 
[info] 
[info] 
=== Hosting Setup
[debug] [2024-09-27T13:35:01.268Z] >>> [apiv2][query] GET https://firebase.googleapis.com/v1beta1/projects/my-dropbox-clone-16a05 [none]
[debug] [2024-09-27T13:35:01.955Z] <<< [apiv2][status] GET https://firebase.googleapis.com/v1beta1/projects/my-dropbox-clone-16a05 200
[debug] [2024-09-27T13:35:01.955Z] <<< [apiv2][body] GET https://firebase.googleapis.com/v1beta1/projects/my-dropbox-clone-16a05 {"projectId":"my-dropbox-clone-16a05","projectNumber":"1094090779865","displayName":"my dropbox clone","name":"projects/my-dropbox-clone-16a05","resources":{"hostingSite":"my-dropbox-clone-16a05","storageBucket":"my-dropbox-clone-16a05.appspot.com","locationId":"us-central"},"state":"ACTIVE","etag":"1_7d2e9696-614c-4685-abe3-07cd623a5831"}
[info] 
[info] Your public directory is the folder (relative to your project directory) that
[info] will contain Hosting assets to be uploaded with firebase deploy. If you
[info] have a build process for your assets, use your build's output directory.
[info] 
[info] +  Wrote public/404.html 
[debug] [2024-09-27T13:35:30.726Z] >>> [apiv2][query] GET https://www.gstatic.com/firebasejs/releases.json [none]
[debug] [2024-09-27T13:35:31.113Z] <<< [apiv2][status] GET https://www.gstatic.com/firebasejs/releases.json 200
[debug] [2024-09-27T13:35:31.113Z] <<< [apiv2][body] GET https://www.gstatic.com/firebasejs/releases.json {"current":{"version":"10.13.2","browserURL":"https://www.gstatic.com/firebasejs/10.13.2/firebase.js","packageURL":"https://www.gstatic.com/firebasejs/10.13.2/firebase.tgz"},"live":{"version":"10.13","browserURL":"https://www.gstatic.com/firebasejs/live/10.13/firebase.js","packageURL":"https://www.gstatic.com/firebasejs/live/10.13/firebase.tgz"},"components":{"analytics":"https://www.gstatic.com/firebasejs/10.13.2/firebase-analytics.js","app":"https://www.gstatic.com/firebasejs/10.13.2/firebase-app.js","app-check":"https://www.gstatic.com/firebasejs/10.13.2/firebase-app-check.js","auth":"https://www.gstatic.com/firebasejs/10.13.2/firebase-auth.js","auth/cordova":"https://www.gstatic.com/firebasejs/10.13.2/firebase-auth/cordova.js","auth/web-extension":"https://www.gstatic.com/firebasejs/10.13.2/firebase-auth/web-extension.js","functions":"https://www.gstatic.com/firebasejs/10.13.2/firebase-functions.js","firestore":"https://www.gstatic.com/firebasejs/10.13.2/firebase-firestore.js","firestore/lite":"https://www.gstatic.com/firebasejs/10.13.2/firebase-firestore/lite.js","installations":"https://www.gstatic.com/firebasejs/10.13.2/firebase-installations.js","storage":"https://www.gstatic.com/firebasejs/10.13.2/firebase-storage.js","performance":"https://www.gstatic.com/firebasejs/10.13.2/firebase-performance.js","remote-config":"https://www.gstatic.com/firebasejs/10.13.2/firebase-remote-config.js","messaging":"https://www.gstatic.com/firebasejs/10.13.2/firebase-messaging.js","messaging/sw":"https://www.gstatic.com/firebasejs/10.13.2/firebase-messaging/sw.js","database":"https://www.gstatic.com/firebasejs/10.13.2/firebase-database.js","vertexai-preview":"https://www.gstatic.com/firebasejs/10.13.2/firebase-vertexai-preview.js","firestore.memory":"https://www.gstatic.com/firebasejs/10.13.2/firebase-firestore.memory.js"}}
[info] i  Skipping write of public/index.html 
[info] 
[info] i  Detected a .git folder at C:\Users\user\Downloads\my_dropbox 
[info] i  Authorizing with GitHub to upload your service account to a GitHub repository's secrets store. 
[info] 
[info] Visit this URL on this device to log in:
[info] https://github.com/login/oauth/authorize?client_id=89cf50f02ac6aaed3484&state=161300550&redirect_uri=http%3A%2F%2Flocalhost%3A9005&scope=read%3Auser%20repo%20public_repo
[info] 
[info] Waiting for authentication...
